\BOOKMARK [1][-]{section.1}{\376\377\000I\000n\000t\000r\000o\000d\000u\000c\000t\000i\000o\000n}{}% 1
\BOOKMARK [1][-]{section.2}{\376\377\000N\000o\000t\000a\000t\000i\000o\000n\000s}{}% 2
\BOOKMARK [1][-]{section.3}{\376\377\000B\000a\000c\000k\000g\000r\000o\000u\000n\000d\000\040\000o\000n\000\040\000L\000D\000D\000M\000M}{}% 3
\BOOKMARK [1][-]{section.4}{\376\377\000M\000e\000t\000h\000o\000d\000o\000l\000o\000g\000y}{}% 4
\BOOKMARK [2][-]{subsection.4.1}{\376\377\000A\000p\000p\000l\000i\000c\000a\000t\000i\000o\000n\000\040\000o\000f\000\040\000L\000D\000D\000M\000M\000\040\000t\000o\000\040\000t\000i\000m\000e\000\040\000s\000e\000r\000i\000e\000s\000\040\000a\000n\000a\000l\000y\000s\000i\000s\000:\000\040\000T\000S\000-\000L\000D\000D\000M\000M}{section.4}% 5
\BOOKMARK [1][-]{section.5}{\376\377\000E\000x\000p\000e\000r\000i\000m\000e\000n\000t\000s}{}% 6
\BOOKMARK [2][-]{subsection.5.1}{\376\377\000I\000n\000t\000e\000r\000p\000r\000e\000t\000a\000b\000i\000l\000i\000t\000y\000:\000\040\000a\000n\000a\000l\000y\000s\000i\000s\000\040\000o\000f\000\040\000r\000e\000s\000p\000i\000r\000a\000t\000o\000r\000y\000\040\000b\000e\000h\000a\000v\000i\000o\000r\000\040\000i\000n\000\040\000m\000i\000c\000e}{section.5}% 7
\BOOKMARK [1][-]{section.6}{\376\377\000R\000e\000l\000a\000t\000e\000d\000\040\000W\000o\000r\000k\000s}{}% 8
\BOOKMARK [1][-]{section.7}{\376\377\000L\000i\000m\000i\000t\000a\000t\000i\000o\000n\000s}{}% 9
\BOOKMARK [1][-]{section.8}{\376\377\000C\000o\000n\000c\000l\000u\000s\000i\000o\000n}{}% 10
\BOOKMARK [1][-]{appendix.A}{\376\377\000P\000r\000o\000o\000f\000s}{}% 11
\BOOKMARK [1][-]{appendix.B}{\376\377\000O\000r\000i\000e\000n\000t\000e\000d\000\040\000v\000a\000r\000i\000f\000o\000l\000d}{}% 12
\BOOKMARK [2][-]{subsection.B.1}{\376\377\000V\000a\000r\000i\000f\000o\000l\000d\000\040\000k\000e\000r\000n\000e\000l\000s}{appendix.B}% 13
\BOOKMARK [1][-]{appendix.C}{\376\377\000T\000u\000n\000i\000n\000g\000\040\000t\000h\000e\000\040\000h\000y\000p\000e\000r\000p\000a\000r\000a\000m\000e\000t\000e\000r\000s\000\040\000o\000f\000\040\000t\000h\000e\000\040\000T\000S\000-\000L\000D\000D\000M\000M\000\040\000k\000e\000r\000n\000e\000l\000\040\000g\000i\000v\000e\000n\000\040\000i\000n\000\040\000\050\0009\000\051}{}% 14
\BOOKMARK [1][-]{appendix.D}{\376\377\000E\000x\000p\000e\000r\000i\000m\000e\000n\000t\000a\000l\000\040\000s\000e\000t\000t\000i\000n\000g\000s}{}% 15
\BOOKMARK [2][-]{subsection.D.1}{\376\377\000O\000p\000t\000i\000m\000i\000z\000a\000t\000i\000o\000n\000\040\000d\000e\000t\000a\000i\000l\000s\000\040\000o\000f\000\040\000T\000S\000-\000L\000D\000D\000M\000M\000\040\000\050\0008\000\051}{appendix.D}% 16
\BOOKMARK [2][-]{subsection.D.2}{\376\377\000I\000d\000e\000n\000t\000i\000f\000i\000a\000b\000i\000l\000i\000t\000y\000\040\000e\000x\000p\000e\000r\000i\000m\000e\000n\000t}{appendix.D}% 17
\BOOKMARK [2][-]{subsection.D.3}{\376\377\000M\000i\000c\000e\000\040\000r\000e\000s\000p\000i\000r\000a\000t\000o\000r\000y\000\040\000b\000e\000h\000a\000v\000i\000o\000r\000s\000\040\000e\000x\000p\000e\000r\000i\000m\000e\000n\000t}{appendix.D}% 18
\BOOKMARK [2][-]{subsection.D.4}{\376\377\000B\000e\000n\000c\000h\000m\000a\000r\000k}{appendix.D}% 19
\BOOKMARK [2][-]{subsection.D.5}{\376\377\000S\000y\000n\000t\000h\000e\000t\000i\000c\000\040\000e\000x\000p\000e\000r\000i\000m\000e\000n\000t\000s}{appendix.D}% 20
\BOOKMARK [2][-]{subsection.D.6}{\376\377\000M\000o\000u\000s\000e\000\040\000e\000x\000p\000e\000r\000i\000m\000e\000n\000t\000s}{appendix.D}% 21
\BOOKMARK [2][-]{subsection.D.7}{\376\377\000C\000l\000a\000s\000s\000i\000f\000i\000c\000a\000t\000i\000o\000n\000\040\000e\000x\000p\000e\000r\000i\000m\000e\000n\000t\000s}{appendix.D}% 22
\BOOKMARK [1][-]{appendix.E}{\376\377\000D\000a\000t\000a\000s\000e\000t\000s}{}% 23
\BOOKMARK [2][-]{subsection.E.1}{\376\377\000M\000o\000u\000s\000e\000\040\000r\000e\000s\000p\000i\000r\000a\000t\000o\000r\000y\000\040\000c\000y\000c\000l\000e\000\040\000d\000a\000t\000a\000s\000e\000t}{appendix.E}% 24
\BOOKMARK [2][-]{subsection.E.2}{\376\377\000S\000h\000a\000p\000e\000-\000b\000a\000s\000e\000d\000\040\000U\000C\000R\000/\000U\000E\000A\000\040\000t\000i\000m\000e\000\040\000s\000e\000r\000i\000e\000s\000\040\000c\000l\000a\000s\000s\000i\000f\000i\000c\000a\000t\000i\000o\000n\000\040\000d\000a\000t\000a\000s\000e\000t\000s}{appendix.E}% 25
\BOOKMARK [1][-]{appendix.F}{\376\377\000E\000x\000p\000e\000r\000i\000m\000e\000n\000t\000s}{}% 26
\BOOKMARK [2][-]{subsection.F.1}{\376\377\000I\000d\000e\000n\000t\000i\000f\000i\000a\000b\000i\000l\000i\000t\000y\000\040\000e\000x\000p\000e\000r\000i\000m\000e\000n\000t\000s}{appendix.F}% 27
\BOOKMARK [2][-]{subsection.F.2}{\376\377\000C\000l\000a\000s\000s\000i\000f\000i\000c\000a\000t\000i\000o\000n\000:\000\040\000C\000o\000m\000p\000a\000r\000i\000s\000o\000n\000\040\000w\000i\000t\000h\000\040\000s\000h\000a\000p\000e\000\040\000a\000n\000a\000l\000y\000s\000i\000s\000\040\000m\000e\000t\000h\000o\000d\000s}{appendix.F}% 28
\BOOKMARK [1][-]{appendix.G}{\376\377\000R\000o\000b\000u\000s\000t\000n\000e\000s\000s\000\040\000t\000o\000\040\000m\000i\000s\000s\000i\000n\000g\000\040\000d\000a\000t\000a}{}% 29
